<?xml version="1.0" encoding="UTF-8"?>
<!-- Generated by org.testng.reporters.JUnitReportReporter -->
<testsuite hostname="Tannaz" failures="0" tests="1" name="dream_TestRunner.dream_testRunn" time="7.726" errors="0" timestamp="2023-10-24T22:20:06 EDT" skipped="0">
  <testcase classname="dream_TestRunner.dream_testRunn" name="feature" time="7.726"/>
</testsuite> <!-- dream_TestRunner.dream_testRunn -->
